2019-08-19 13:47:19.671 |-INFO  [restartedMain] vip.wicp.ruhome.RuhomeApplication [50] -| Starting RuhomeApplication on DESKTOP-U2DDELI with PID 220 (C:\Users\RP\ruhome\target\classes started by RP in C:\Users\RP\ruhome)
2019-08-19 13:47:19.675 |-INFO  [restartedMain] vip.wicp.ruhome.RuhomeApplication [646] -| No active profile set, falling back to default profiles: default
2019-08-19 13:47:19.724 |-INFO  [restartedMain] org.springframework.boot.devtools.env.DevToolsPropertyDefaultsPostProcessor [225] -| Devtools property defaults active! Set 'spring.devtools.add-properties' to 'false' to disable
2019-08-19 13:47:19.725 |-INFO  [restartedMain] org.springframework.boot.devtools.env.DevToolsPropertyDefaultsPostProcessor [225] -| For additional web related logging consider setting the 'logging.level.web' property to 'DEBUG'
2019-08-19 13:47:20.214 |-WARN  [restartedMain] org.mybatis.spring.mapper.ClassPathMapperScanner [44] -| No MyBatis mapper was found in '[com.baomidou.mybatisplus.samples.quickstart.mapper]' package. Please check your configuration.
2019-08-19 13:47:20.848 |-INFO  [restartedMain] org.springframework.boot.web.embedded.tomcat.TomcatWebServer [90] -| Tomcat initialized with port(s): 8080 (http)
2019-08-19 13:47:20.861 |-INFO  [restartedMain] org.apache.coyote.http11.Http11NioProtocol [173] -| Initializing ProtocolHandler ["http-nio-8080"]
2019-08-19 13:47:20.867 |-INFO  [restartedMain] org.apache.catalina.core.StandardService [173] -| Starting service [Tomcat]
2019-08-19 13:47:20.868 |-INFO  [restartedMain] org.apache.catalina.core.StandardEngine [173] -| Starting Servlet engine: [Apache Tomcat/9.0.21]
2019-08-19 13:47:20.874 |-INFO  [restartedMain] org.apache.catalina.core.AprLifecycleListener [173] -| Loaded APR based Apache Tomcat Native library [1.2.21] using APR version [1.6.5].
2019-08-19 13:47:20.875 |-INFO  [restartedMain] org.apache.catalina.core.AprLifecycleListener [173] -| APR capabilities: IPv6 [true], sendfile [true], accept filters [false], random [true].
2019-08-19 13:47:20.875 |-INFO  [restartedMain] org.apache.catalina.core.AprLifecycleListener [173] -| APR/OpenSSL configuration: useAprConnector [false], useOpenSSL [true]
2019-08-19 13:47:20.892 |-INFO  [restartedMain] org.apache.catalina.core.AprLifecycleListener [173] -| OpenSSL successfully initialized [OpenSSL 1.1.1a  20 Nov 2018]
2019-08-19 13:47:20.967 |-INFO  [restartedMain] org.apache.catalina.core.ContainerBase.[Tomcat].[localhost].[/] [173] -| Initializing Spring embedded WebApplicationContext
2019-08-19 13:47:20.967 |-INFO  [restartedMain] org.springframework.web.context.ContextLoader [283] -| Root WebApplicationContext: initialization completed in 1242 ms
2019-08-19 13:47:21.158 |-INFO  [restartedMain] com.zaxxer.hikari.HikariDataSource [110] -| HikariPool-1 - Starting...
2019-08-19 13:47:21.873 |-INFO  [restartedMain] com.zaxxer.hikari.HikariDataSource [123] -| HikariPool-1 - Start completed.
2019-08-19 13:47:22.127 |-INFO  [restartedMain] org.springframework.scheduling.concurrent.ThreadPoolTaskExecutor [171] -| Initializing ExecutorService 'applicationTaskExecutor'
2019-08-19 13:47:22.191 |-INFO  [restartedMain] org.springframework.boot.autoconfigure.web.servlet.WelcomePageHandlerMapping [54] -| Adding welcome page: class path resource [static/index.html]
2019-08-19 13:47:22.282 |-INFO  [restartedMain] org.springframework.boot.devtools.autoconfigure.OptionalLiveReloadServer [57] -| LiveReload server is running on port 35729
2019-08-19 13:47:22.301 |-INFO  [restartedMain] org.apache.coyote.http11.Http11NioProtocol [173] -| Starting ProtocolHandler ["http-nio-8080"]
2019-08-19 13:47:22.316 |-INFO  [restartedMain] org.springframework.boot.web.embedded.tomcat.TomcatWebServer [202] -| Tomcat started on port(s): 8080 (http) with context path ''
2019-08-19 13:47:22.319 |-INFO  [restartedMain] vip.wicp.ruhome.RuhomeApplication [59] -| Started RuhomeApplication in 3.129 seconds (JVM running for 4.156)
2019-08-19 13:47:46.510 |-INFO  [http-nio-8080-exec-2] org.apache.catalina.core.ContainerBase.[Tomcat].[localhost].[/] [173] -| Initializing Spring DispatcherServlet 'dispatcherServlet'
2019-08-19 13:47:46.510 |-INFO  [http-nio-8080-exec-2] org.springframework.web.servlet.DispatcherServlet [524] -| Initializing Servlet 'dispatcherServlet'
2019-08-19 13:47:46.516 |-INFO  [http-nio-8080-exec-2] org.springframework.web.servlet.DispatcherServlet [546] -| Completed initialization in 6 ms
2019-08-19 13:47:46.530 |-INFO  [http-nio-8080-exec-2] vip.wicp.ruhome.controller.ArticleController [43] -| hello Sfl4j + logback.....我是彭宇.
2019-09-04 10:15:01.322 |-INFO  [restartedMain] vip.wicp.ruhome.RuhomeApplication [50] -| Starting RuhomeApplication on DESKTOP-U2DDELI with PID 21928 (C:\Users\RP\ruhome\target\classes started by RP in C:\Users\RP\ruhome)
2019-09-04 10:15:01.332 |-INFO  [restartedMain] vip.wicp.ruhome.RuhomeApplication [646] -| No active profile set, falling back to default profiles: default
2019-09-04 10:15:01.448 |-INFO  [restartedMain] org.springframework.boot.devtools.env.DevToolsPropertyDefaultsPostProcessor [225] -| Devtools property defaults active! Set 'spring.devtools.add-properties' to 'false' to disable
2019-09-04 10:15:01.448 |-INFO  [restartedMain] org.springframework.boot.devtools.env.DevToolsPropertyDefaultsPostProcessor [225] -| For additional web related logging consider setting the 'logging.level.web' property to 'DEBUG'
2019-09-04 10:15:02.273 |-WARN  [restartedMain] org.mybatis.spring.mapper.ClassPathMapperScanner [44] -| No MyBatis mapper was found in '[com.baomidou.mybatisplus.samples.quickstart.mapper]' package. Please check your configuration.
2019-09-04 10:15:03.653 |-INFO  [restartedMain] org.springframework.boot.web.embedded.tomcat.TomcatWebServer [90] -| Tomcat initialized with port(s): 8080 (http)
2019-09-04 10:15:03.673 |-INFO  [restartedMain] org.apache.coyote.http11.Http11NioProtocol [173] -| Initializing ProtocolHandler ["http-nio-8080"]
2019-09-04 10:15:03.693 |-INFO  [restartedMain] org.apache.catalina.core.StandardService [173] -| Starting service [Tomcat]
2019-09-04 10:15:03.693 |-INFO  [restartedMain] org.apache.catalina.core.StandardEngine [173] -| Starting Servlet engine: [Apache Tomcat/9.0.21]
2019-09-04 10:15:03.703 |-INFO  [restartedMain] org.apache.catalina.core.AprLifecycleListener [173] -| Loaded APR based Apache Tomcat Native library [1.2.21] using APR version [1.6.5].
2019-09-04 10:15:03.703 |-INFO  [restartedMain] org.apache.catalina.core.AprLifecycleListener [173] -| APR capabilities: IPv6 [true], sendfile [true], accept filters [false], random [true].
2019-09-04 10:15:03.703 |-INFO  [restartedMain] org.apache.catalina.core.AprLifecycleListener [173] -| APR/OpenSSL configuration: useAprConnector [false], useOpenSSL [true]
2019-09-04 10:15:03.723 |-INFO  [restartedMain] org.apache.catalina.core.AprLifecycleListener [173] -| OpenSSL successfully initialized [OpenSSL 1.1.1a  20 Nov 2018]
2019-09-04 10:15:03.845 |-INFO  [restartedMain] org.apache.catalina.core.ContainerBase.[Tomcat].[localhost].[/] [173] -| Initializing Spring embedded WebApplicationContext
2019-09-04 10:15:03.845 |-INFO  [restartedMain] org.springframework.web.context.ContextLoader [283] -| Root WebApplicationContext: initialization completed in 2397 ms
2019-09-04 10:15:04.128 |-INFO  [restartedMain] com.zaxxer.hikari.HikariDataSource [110] -| HikariPool-1 - Starting...
2019-09-04 10:15:05.058 |-INFO  [restartedMain] com.zaxxer.hikari.HikariDataSource [123] -| HikariPool-1 - Start completed.
2019-09-04 10:15:05.618 |-INFO  [restartedMain] org.springframework.scheduling.concurrent.ThreadPoolTaskExecutor [171] -| Initializing ExecutorService 'applicationTaskExecutor'
2019-09-04 10:15:05.738 |-INFO  [restartedMain] org.springframework.boot.autoconfigure.web.servlet.WelcomePageHandlerMapping [54] -| Adding welcome page: class path resource [static/index.html]
2019-09-04 10:15:05.918 |-INFO  [restartedMain] org.springframework.boot.devtools.autoconfigure.OptionalLiveReloadServer [57] -| LiveReload server is running on port 35729
2019-09-04 10:15:05.958 |-INFO  [restartedMain] org.apache.coyote.http11.Http11NioProtocol [173] -| Starting ProtocolHandler ["http-nio-8080"]
2019-09-04 10:15:05.978 |-INFO  [restartedMain] org.springframework.boot.web.embedded.tomcat.TomcatWebServer [202] -| Tomcat started on port(s): 8080 (http) with context path ''
2019-09-04 10:15:05.988 |-INFO  [restartedMain] vip.wicp.ruhome.RuhomeApplication [59] -| Started RuhomeApplication in 5.769 seconds (JVM running for 8.17)
2019-09-04 10:15:47.093 |-INFO  [http-nio-8080-exec-1] org.apache.tomcat.util.http.parser.Cookie [173] -| A cookie header was received [1561084456,1561085084,1561100485] that contained an invalid cookie. That cookie will be ignored.
 Note: further occurrences of this error will be logged at DEBUG level.
2019-09-04 10:15:47.101 |-INFO  [http-nio-8080-exec-1] org.apache.catalina.core.ContainerBase.[Tomcat].[localhost].[/] [173] -| Initializing Spring DispatcherServlet 'dispatcherServlet'
2019-09-04 10:15:47.101 |-INFO  [http-nio-8080-exec-1] org.springframework.web.servlet.DispatcherServlet [524] -| Initializing Servlet 'dispatcherServlet'
2019-09-04 10:15:47.108 |-INFO  [http-nio-8080-exec-1] org.springframework.web.servlet.DispatcherServlet [546] -| Completed initialization in 7 ms
